phpcpd 6.0.3 by Sebastian Bergmann.

Found 122 clones with 6298 duplicated lines in 149 files:

  - /project/vendor/fakerphp/faker/src/Faker/Core/File.php:21-556 (535 lines)
    /project/vendor/fakerphp/faker/src/Faker/Provider/File.php:14-549

  - /project/vendor/nikic/php-parser/lib/PhpParser/Parser/Php5.php:942-1202 (260 lines)
    /project/vendor/nikic/php-parser/lib/PhpParser/Parser/Php7.php:963-1223

  - /project/vendor/laravel/serializable-closure/src/Support/ReflectionClosure.php:911-1092 (181 lines)
    /project/vendor/opis/closure/src/ReflectionClosure.php:875-1056

  - /project/vendor/laravel/serializable-closure/src/Support/ReflectionClosure.php:482-662 (180 lines)
    /project/vendor/opis/closure/src/ReflectionClosure.php:473-653

  - /project/vendor/illuminate/pagination/AbstractCursorPaginator.php:518-667 (149 lines)
    /project/vendor/illuminate/pagination/AbstractPaginator.php:622-771

  - /project/vendor/illuminate/database/Schema/Grammars/MySqlGrammar.php:834-965 (131 lines)
    /project/vendor/illuminate/database/Schema/Grammars/SQLiteGrammar.php:757-888

  - /project/vendor/nikic/php-parser/lib/PhpParser/Parser/Php5.php:32-155 (123 lines)
    /project/vendor/nikic/php-parser/lib/PhpParser/Parser/Php7.php:32-155

  - /project/vendor/fakerphp/faker/src/Faker/Provider/sr_Cyrl_RS/Person.php:15-127 (112 lines)
    /project/vendor/fakerphp/faker/src/Faker/Provider/sr_Cyrl_RS/Person.php:128-240

  - /project/vendor/illuminate/testing/TestComponent.php:36-143 (107 lines)
    /project/vendor/illuminate/testing/TestView.php:37-144

  - /project/vendor/psr/log/Psr/Log/AbstractLogger.php:22-127 (105 lines)
    /project/vendor/psr/log/Psr/Log/LoggerTrait.php:23-128

  - /project/vendor/sebastian/diff/src/Output/StrictUnifiedDiffOutputBuilder.php:132-233 (101 lines)
    /project/vendor/sebastian/diff/src/Output/UnifiedDiffOutputBuilder.php:84-185

  - /project/vendor/laravel/serializable-closure/src/Support/ReflectionClosure.php:803-895 (92 lines)
    /project/vendor/opis/closure/src/ReflectionClosure.php:780-872

  - /project/vendor/laravel/serializable-closure/src/Support/ReflectionClosure.php:705-793 (88 lines)
    /project/vendor/opis/closure/src/ReflectionClosure.php:692-780

  - /project/vendor/laravel/serializable-closure/src/Support/ReflectionClosure.php:394-482 (88 lines)
    /project/vendor/opis/closure/src/ReflectionClosure.php:385-473

  - /project/vendor/fakerphp/faker/src/Faker/Provider/ro_MD/Person.php:5-91 (86 lines)
    /project/vendor/fakerphp/faker/src/Faker/Provider/ro_RO/Person.php:5-91

  - /project/vendor/fakerphp/faker/src/Faker/Provider/sr_Latn_RS/Person.php:29-112 (83 lines)
    /project/vendor/fakerphp/faker/src/Faker/Provider/sr_Latn_RS/Person.php:128-211

  - /project/vendor/phpdocumentor/reflection-docblock/src/DocBlock/Tags/Property.php:45-120 (75 lines)
    /project/vendor/phpdocumentor/reflection-docblock/src/DocBlock/Tags/PropertyRead.php:45-120
    /project/vendor/phpdocumentor/reflection-docblock/src/DocBlock/Tags/PropertyWrite.php:45-120

  - /project/vendor/laravel/serializable-closure/src/Support/ReflectionClosure.php:182-256 (74 lines)
    /project/vendor/opis/closure/src/ReflectionClosure.php:174-248

  - /project/vendor/nesbot/carbon/src/Carbon/Lang/ar.php:20-93 (73 lines)
    /project/vendor/nesbot/carbon/src/Carbon/Lang/ar_SA.php:19-92

  - /project/vendor/illuminate/database/Eloquent/Relations/HasOne.php:16-89 (73 lines)
    /project/vendor/illuminate/database/Eloquent/Relations/MorphOne.php:16-89

  - /project/vendor/laravel/serializable-closure/src/Support/ClosureStream.php:52-120 (68 lines)
    /project/vendor/opis/closure/src/ClosureStream.php:28-96

  - /project/vendor/fakerphp/faker/src/Faker/Provider/de_AT/Address.php:74-142 (68 lines)
    /project/vendor/fakerphp/faker/src/Faker/Provider/de_DE/Address.php:57-125

  - /project/vendor/laravel/serializable-closure/src/Serializers/Native.php:213-280 (67 lines)
    /project/vendor/opis/closure/src/SerializableClosure.php:376-443

  - /project/vendor/symfony/polyfill-intl-idn/bootstrap.php:22-86 (64 lines)
    /project/vendor/symfony/polyfill-intl-idn/bootstrap80.php:14-78

  - /project/vendor/laravel/serializable-closure/src/Serializers/Native.php:418-480 (62 lines)
    /project/vendor/opis/closure/src/SerializableClosure.php:613-675

  - /project/vendor/fakerphp/faker/src/Faker/Provider/es_AR/Company.php:5-67 (62 lines)
    /project/vendor/fakerphp/faker/src/Faker/Provider/es_PE/Company.php:5-67

  - /project/vendor/ramsey/uuid/src/Type/Decimal.php:78-139 (61 lines)
    /project/vendor/ramsey/uuid/src/Type/Integer.php:91-152

  - /project/vendor/nikic/php-parser/lib/PhpParser/Builder/Method.php:19-80 (61 lines)
    /project/vendor/nikic/php-parser/lib/PhpParser/Builder/Property.php:25-86

  - /project/vendor/voku/portable-ascii/src/voku/helper/data/ascii_by_languages.php:1707-1767 (60 lines)
    /project/vendor/voku/portable-ascii/src/voku/helper/data/ascii_by_languages.php:1770-1830

  - /project/vendor/laravel/serializable-closure/src/Support/ReflectionClosure.php:308-368 (60 lines)
    /project/vendor/opis/closure/src/ReflectionClosure.php:300-360

  - /project/vendor/fakerphp/faker/src/Faker/Provider/ar_JO/Company.php:5-65 (60 lines)
    /project/vendor/fakerphp/faker/src/Faker/Provider/ar_SA/Company.php:7-67

  - /project/vendor/laravel/serializable-closure/src/Support/ReflectionClosure.php:122-181 (59 lines)
    /project/vendor/opis/closure/src/ReflectionClosure.php:115-174

  - /project/vendor/ramsey/uuid/src/Nonstandard/Fields.php:72-130 (58 lines)
    /project/vendor/ramsey/uuid/src/Rfc4122/Fields.php:84-142

  - /project/vendor/laravel/serializable-closure/src/Serializers/Native.php:311-369 (58 lines)
    /project/vendor/opis/closure/src/SerializableClosure.php:518-576

  - /project/vendor/phpdocumentor/reflection-docblock/src/DocBlock/Tags/Property.php:63-120 (57 lines)
    /project/vendor/phpdocumentor/reflection-docblock/src/DocBlock/Tags/Var_.php:64-121

  - /project/vendor/fakerphp/faker/src/Faker/ORM/Propel/EntityPopulator.php:100-155 (55 lines)
    /project/vendor/fakerphp/faker/src/Faker/ORM/Propel2/EntityPopulator.php:103-158

  - /project/vendor/nesbot/carbon/src/Carbon/Lang/sr_Cyrl.php:58-112 (54 lines)
    /project/vendor/nesbot/carbon/src/Carbon/Lang/sr_Cyrl_ME.php:55-109

  - /project/vendor/nesbot/carbon/src/Carbon/Lang/ar_DZ.php:20-74 (54 lines)
    /project/vendor/nesbot/carbon/src/Carbon/Lang/ar_TN.php:18-72

  - /project/vendor/nesbot/carbon/src/Carbon/Lang/ar_KW.php:20-74 (54 lines)
    /project/vendor/nesbot/carbon/src/Carbon/Lang/ar_MA.php:19-73

  - /project/vendor/fakerphp/faker/src/Faker/Provider/nb_NO/Address.php:142-196 (54 lines)
    /project/vendor/fakerphp/faker/src/Faker/Provider/sv_SE/Address.php:96-150

  - /project/vendor/sebastian/diff/src/Output/StrictUnifiedDiffOutputBuilder.php:237-290 (53 lines)
    /project/vendor/sebastian/diff/src/Output/UnifiedDiffOutputBuilder.php:187-240

  - /project/vendor/ramsey/uuid/src/Type/Decimal.php:83-136 (53 lines)
    /project/vendor/ramsey/uuid/src/Type/Hexadecimal.php:62-115

  - /project/vendor/phpunit/phpunit/src/TextUI/XmlConfiguration/CodeCoverage/Filter/DirectoryCollectionIterator.php:12-65 (53 lines)
    /project/vendor/phpunit/phpunit/src/TextUI/XmlConfiguration/Filesystem/DirectoryCollectionIterator.php:12-65

  - /project/vendor/fakerphp/faker/src/Faker/Provider/sr_Cyrl_RS/Address.php:5-57 (52 lines)
    /project/vendor/fakerphp/faker/src/Faker/Provider/sr_RS/Address.php:5-57

  - /project/vendor/fakerphp/faker/src/Faker/Provider/hy_AM/Address.php:81-131 (50 lines)
    /project/vendor/fakerphp/faker/src/Faker/Provider/ru_RU/Address.php:88-138

  - /project/vendor/laravel/serializable-closure/src/Support/ReflectionClosure.php:256-305 (49 lines)
    /project/vendor/opis/closure/src/ReflectionClosure.php:248-297

  - /project/vendor/laravel/serializable-closure/src/Support/ReflectionClosure.php:49-97 (48 lines)
    /project/vendor/opis/closure/src/ReflectionClosure.php:51-99

  - /project/vendor/fakerphp/faker/src/Faker/ORM/Propel/EntityPopulator.php:155-203 (48 lines)
    /project/vendor/fakerphp/faker/src/Faker/ORM/Propel2/EntityPopulator.php:158-206

  - /project/vendor/fakerphp/faker/src/Faker/Provider/cs_CZ/Person.php:489-536 (47 lines)
    /project/vendor/fakerphp/faker/src/Faker/Provider/sk_SK/Person.php:115-162

  - /project/vendor/symfony/polyfill-intl-idn/bootstrap.php:88-132 (44 lines)
    /project/vendor/symfony/polyfill-intl-idn/bootstrap80.php:77-121

  - /project/vendor/phpdocumentor/reflection-docblock/src/DocBlock/Tags/Covers.php:57-100 (43 lines)
    /project/vendor/phpdocumentor/reflection-docblock/src/DocBlock/Tags/Uses.php:56-99

  - /project/vendor/fakerphp/faker/src/Faker/Provider/hy_AM/Address.php:81-124 (43 lines)
    /project/vendor/fakerphp/faker/src/Faker/Provider/lv_LV/Address.php:66-109

  - /project/vendor/fakerphp/faker/src/Faker/Provider/zh_CN/DateTime.php:5-47 (42 lines)
    /project/vendor/fakerphp/faker/src/Faker/Provider/zh_TW/DateTime.php:5-47

  - /project/vendor/nesbot/carbon/src/Carbon/Lang/zh_Hans.php:64-105 (41 lines)
    /project/vendor/nesbot/carbon/src/Carbon/Lang/zh_Hant.php:66-107

  - /project/phpstan/cache/nette.configurator/Container_603a05b954.php:2442-2483 (41 lines)
    /project/phpstan/cache/nette.configurator/Container_603a05b954.php:2486-2527

  - /project/vendor/nesbot/carbon/src/Carbon/Lang/ar.php:54-93 (39 lines)
    /project/vendor/nesbot/carbon/src/Carbon/Lang/ar_Shakl.php:56-95

  - /project/vendor/monolog/monolog/src/Monolog/Handler/FilterHandler.php:164-202 (38 lines)
    /project/vendor/monolog/monolog/src/Monolog/Handler/FingersCrossedHandler.php:213-251
    /project/vendor/monolog/monolog/src/Monolog/Handler/SamplingHandler.php:93-131

  - /project/vendor/illuminate/database/Query/Grammars/PostgresGrammar.php:401-439 (38 lines)
    /project/vendor/illuminate/database/Query/Grammars/SQLiteGrammar.php:274-312

  - /project/vendor/phpunit/phpunit/src/Framework/TestListener.php:25-62 (37 lines)
    /project/vendor/phpunit/phpunit/src/Framework/TestListenerDefaultImplementation.php:20-57

  - /project/vendor/nesbot/carbon/src/Carbon/Lang/ar.php:35-72 (37 lines)
    /project/vendor/nesbot/carbon/src/Carbon/Lang/ar_KW.php:35-72

  - /project/vendor/voku/portable-ascii/src/voku/helper/data/ascii_by_languages.php:1900-1936 (36 lines)
    /project/vendor/voku/portable-ascii/src/voku/helper/data/ascii_by_languages.php:1941-1977
    /project/vendor/voku/portable-ascii/src/voku/helper/data/ascii_by_languages.php:1982-2018

  - /project/vendor/phpunit/php-code-coverage/src/Report/Html/Renderer/File.php:721-757 (36 lines)
    /project/vendor/phpunit/php-code-coverage/src/Report/Html/Renderer/File.php:828-864

  - /project/vendor/hamcrest/hamcrest-php/tests/Hamcrest/Text/StringContainsIgnoringCaseTest.php:25-61 (36 lines)
    /project/vendor/hamcrest/hamcrest-php/tests/Hamcrest/Text/StringContainsTest.php:23-59

  - /project/vendor/fakerphp/faker/src/Faker/Provider/ro_MD/Address.php:88-124 (36 lines)
    /project/vendor/fakerphp/faker/src/Faker/Provider/ro_RO/Address.php:108-144

  - /project/vendor/fakerphp/faker/src/Faker/Provider/ro_MD/Address.php:49-85 (36 lines)
    /project/vendor/fakerphp/faker/src/Faker/Provider/ro_RO/Address.php:69-105

  - /project/vendor/fakerphp/faker/src/Faker/Provider/en_GB/Address.php:98-134 (36 lines)
    /project/vendor/fakerphp/faker/src/Faker/Provider/en_US/Address.php:23-59

  - /project/vendor/fakerphp/faker/src/Faker/Provider/ar_JO/Internet.php:18-54 (36 lines)
    /project/vendor/fakerphp/faker/src/Faker/Provider/ar_SA/Internet.php:18-54

  - /project/vendor/illuminate/database/Query/Grammars/PostgresGrammar.php:217-252 (35 lines)
    /project/vendor/illuminate/database/Query/Grammars/SQLiteGrammar.php:181-216

  - /project/vendor/laravel/serializable-closure/src/Serializers/Native.php:382-415 (33 lines)
    /project/vendor/opis/closure/src/SerializableClosure.php:576-609

  - /project/vendor/fakerphp/faker/src/Faker/Provider/fr_BE/Person.php:30-63 (33 lines)
    /project/vendor/fakerphp/faker/src/Faker/Provider/nl_BE/Person.php:40-73

  - /project/vendor/fakerphp/faker/src/Faker/Provider/hy_AM/Address.php:81-114 (33 lines)
    /project/vendor/fakerphp/faker/src/Faker/Provider/lt_LT/Address.php:146-179

  - /project/phpstan/cache/nette.configurator/Container_603a05b954.php:1137-1169 (32 lines)
    /project/phpstan/cache/nette.configurator/Container_603a05b954.php:1169-1201
    /project/phpstan/cache/nette.configurator/Container_603a05b954.php:2528-2560

  - /project/vendor/voku/portable-ascii/src/voku/helper/data/ascii_by_languages.php:1080-1111 (31 lines)
    /project/vendor/voku/portable-ascii/src/voku/helper/data/ascii_by_languages.php:1182-1213

  - /project/vendor/symfony/http-kernel/Controller/ArgumentResolver/NotTaggedControllerValueResolver.php:25-56 (31 lines)
    /project/vendor/symfony/http-kernel/Controller/ArgumentResolver/ServiceValueResolver.php:25-56

  - /project/vendor/phpdocumentor/reflection-docblock/src/DocBlock/Tags/Return_.php:31-61 (30 lines)
    /project/vendor/phpdocumentor/reflection-docblock/src/DocBlock/Tags/Throws.php:31-61

  - /project/vendor/fakerphp/faker/src/Faker/Provider/de_AT/Address.php:76-106 (30 lines)
    /project/vendor/fakerphp/faker/src/Faker/Provider/de_CH/Address.php:80-110

  - /project/vendor/nesbot/carbon/src/Carbon/Lang/ar.php:64-93 (29 lines)
    /project/vendor/nesbot/carbon/src/Carbon/Lang/ar_LY.php:63-92

  - /project/phpstan/cache/nette.configurator/Container_603a05b954.php:1169-1198 (29 lines)
    /project/phpstan/cache/nette.configurator/Container_603a05b954.php:1222-1251

  - /project/vendor/nesbot/carbon/src/Carbon/Lang/dv.php:59-87 (28 lines)
    /project/vendor/nesbot/carbon/src/Carbon/Lang/dv_MV.php:59-87

  - /project/vendor/fakerphp/faker/src/Faker/Provider/en_US/Address.php:20-48 (28 lines)
    /project/vendor/fakerphp/faker/src/Faker/Provider/ne_NP/Address.php:67-95

  - /project/vendor/fakerphp/faker/src/Faker/Provider/en_GB/Address.php:95-123 (28 lines)
    /project/vendor/fakerphp/faker/src/Faker/Provider/en_IN/Address.php:63-91

  - /project/vendor/fakerphp/faker/src/Faker/Provider/en_US/Address.php:20-46 (26 lines)
    /project/vendor/fakerphp/faker/src/Faker/Provider/vi_VN/Address.php:91-117

  - /project/vendor/fakerphp/faker/src/Faker/Provider/en_GB/Address.php:95-121 (26 lines)
    /project/vendor/fakerphp/faker/src/Faker/Provider/en_NG/Address.php:28-54

  - /project/vendor/fakerphp/faker/src/Faker/Provider/en_US/Company.php:13-38 (25 lines)
    /project/vendor/fakerphp/faker/src/Faker/Provider/es_ES/Company.php:20-45

  - /project/vendor/fakerphp/faker/src/Faker/Provider/el_GR/Person.php:54-79 (25 lines)
    /project/vendor/fakerphp/faker/src/Faker/Provider/el_GR/Person.php:101-126

  - /project/vendor/fakerphp/faker/src/Faker/Provider/ar_JO/Address.php:61-86 (25 lines)
    /project/vendor/fakerphp/faker/src/Faker/Provider/ar_SA/Address.php:56-81

  - /project/vendor/nikic/php-parser/lib/PhpParser/Parser/Php5.php:216-240 (24 lines)
    /project/vendor/nikic/php-parser/lib/PhpParser/Parser/Php7.php:216-240

  - /project/vendor/nesbot/carbon/src/Carbon/Lang/ar.php:29-52 (23 lines)
    /project/vendor/nesbot/carbon/src/Carbon/Lang/ar_DZ.php:29-52

  - /project/vendor/laravel/serializable-closure/src/Serializers/Native.php:176-197 (21 lines)
    /project/vendor/opis/closure/src/SerializableClosure.php:251-272

  - /project/vendor/symfony/polyfill-mbstring/Mbstring.php:775-795 (20 lines)
    /project/vendor/symfony/polyfill-php72/Php72.php:196-216

  - /project/vendor/phpunit/php-code-coverage/src/Report/Html/Renderer/Directory.php:54-74 (20 lines)
    /project/vendor/phpunit/php-code-coverage/src/Report/Html/Renderer/File.php:180-200

  - /project/vendor/fakerphp/faker/src/Faker/Provider/el_CY/Address.php:26-46 (20 lines)
    /project/vendor/fakerphp/faker/src/Faker/Provider/el_GR/Address.php:14-34

  - /project/vendor/fakerphp/faker/src/Faker/Provider/en_US/Company.php:21-38 (17 lines)
    /project/vendor/fakerphp/faker/src/Faker/Provider/es_AR/Company.php:23-40

  - /project/vendor/nesbot/carbon/src/Carbon/Lang/jmc.php:12-27 (15 lines)
    /project/vendor/nesbot/carbon/src/Carbon/Lang/rwk.php:12-27
    /project/vendor/nesbot/carbon/src/Carbon/Lang/vun.php:12-27

  - /project/vendor/nesbot/carbon/src/Carbon/Lang/ta_MY.php:12-26 (14 lines)
    /project/vendor/nesbot/carbon/src/Carbon/Lang/ta_SG.php:12-26

  - /project/vendor/nesbot/carbon/src/Carbon/Lang/cgg.php:12-26 (14 lines)
    /project/vendor/nesbot/carbon/src/Carbon/Lang/nyn.php:12-26

  - /project/vendor/fakerphp/faker/src/Faker/Provider/el_GR/Person.php:29-43 (14 lines)
    /project/vendor/fakerphp/faker/src/Faker/Provider/el_GR/Person.php:79-93

  - /project/vendor/symfony/polyfill-mbstring/Mbstring.php:754-767 (13 lines)
    /project/vendor/symfony/polyfill-php72/Php72.php:173-186

  - /project/vendor/nikic/php-parser/lib/PhpParser/Parser/Php5.php:886-899 (13 lines)
    /project/vendor/symfony/polyfill-intl-idn/Idn.php:83-96

  - /project/vendor/fakerphp/faker/src/Faker/Provider/en_US/Company.php:25-38 (13 lines)
    /project/vendor/fakerphp/faker/src/Faker/Provider/sk_SK/Company.php:25-38

  - /project/vendor/nikic/php-parser/lib/PhpParser/Parser/Php5.php:885-896 (11 lines)
    /project/vendor/nikic/php-parser/lib/PhpParser/Parser/Php7.php:903-914

  - /project/vendor/nesbot/carbon/src/Carbon/Lang/fy_DE.php:16-27 (11 lines)
    /project/vendor/nesbot/carbon/src/Carbon/Lang/nds_NL.php:16-27

  - /project/vendor/nesbot/carbon/src/Carbon/Lang/hak_TW.php:16-27 (11 lines)
    /project/vendor/nesbot/carbon/src/Carbon/Lang/nan_TW.php:16-27

  - /project/vendor/nesbot/carbon/src/Carbon/Lang/ber_DZ.php:16-27 (11 lines)
    /project/vendor/nesbot/carbon/src/Carbon/Lang/ber_MA.php:16-27

  - /project/vendor/nesbot/carbon/src/Carbon/Lang/ar_IQ.php:16-27 (11 lines)
    /project/vendor/nesbot/carbon/src/Carbon/Lang/ar_JO.php:16-27
    /project/vendor/nesbot/carbon/src/Carbon/Lang/ar_SY.php:16-27

  - /project/vendor/nesbot/carbon/src/Carbon/Lang/ar_BH.php:16-27 (11 lines)
    /project/vendor/nesbot/carbon/src/Carbon/Lang/ar_EG.php:16-27
    /project/vendor/nesbot/carbon/src/Carbon/Lang/ar_OM.php:16-27
    /project/vendor/nesbot/carbon/src/Carbon/Lang/ar_QA.php:16-27
    /project/vendor/nesbot/carbon/src/Carbon/Lang/ar_SD.php:16-27

  - /project/vendor/fakerphp/faker/src/Faker/Provider/es_AR/Person.php:69-80 (11 lines)
    /project/vendor/fakerphp/faker/src/Faker/Provider/es_PE/Person.php:69-80

  - /project/vendor/nikic/php-parser/lib/PhpParser/Parser/Php7.php:743-753 (10 lines)
    /project/vendor/nikic/php-parser/lib/PhpParser/Parser/Php7.php:878-888

  - /project/vendor/nikic/php-parser/lib/PhpParser/Parser/Php5.php:825-835 (10 lines)
    /project/vendor/nikic/php-parser/lib/PhpParser/Parser/Php7.php:840-850

  - /project/vendor/nikic/php-parser/lib/PhpParser/Parser/Php5.php:722-732 (10 lines)
    /project/vendor/nikic/php-parser/lib/PhpParser/Parser/Php5.php:855-865

  - /project/vendor/fakerphp/faker/src/Faker/Provider/nl_BE/Address.php:72-82 (10 lines)
    /project/vendor/fakerphp/faker/src/Faker/Provider/nl_NL/Address.php:100-110

  - /project/vendor/fakerphp/faker/src/Faker/Provider/es_AR/Person.php:27-37 (10 lines)
    /project/vendor/fakerphp/faker/src/Faker/Provider/es_PE/Person.php:27-37

  - /project/vendor/symfony/translation/Catalogue/MergeOperation.php:48-56 (8 lines)
    /project/vendor/symfony/translation/Catalogue/TargetOperation.php:62-70

  - /project/vendor/nikic/php-parser/lib/PhpParser/Parser/Php5.php:590-598 (8 lines)
    /project/vendor/nikic/php-parser/lib/PhpParser/Parser/Php7.php:614-622

  - /project/vendor/fakerphp/faker/src/Faker/Provider/nl_BE/Address.php:83-91 (8 lines)
    /project/vendor/fakerphp/faker/src/Faker/Provider/nl_NL/Address.php:109-117

  - /project/vendor/fakerphp/faker/src/Faker/Provider/es_ES/Person.php:98-106 (8 lines)
    /project/vendor/fakerphp/faker/src/Faker/Provider/es_VE/Person.php:117-125

  - /project/vendor/fakerphp/faker/src/Faker/Provider/es_ES/Person.php:91-99 (8 lines)
    /project/vendor/fakerphp/faker/src/Faker/Provider/es_VE/Person.php:102-110

  - /project/vendor/fakerphp/faker/src/Faker/Provider/el_GR/Person.php:43-51 (8 lines)
    /project/vendor/fakerphp/faker/src/Faker/Provider/el_GR/Person.php:93-101

  - /project/vendor/nikic/php-parser/lib/PhpParser/Parser/Php5.php:1354-1361 (7 lines)
    /project/vendor/nikic/php-parser/lib/PhpParser/Parser/Php7.php:1450-1457

  - /project/vendor/fakerphp/faker/src/Faker/Provider/es_ES/Person.php:102-109 (7 lines)
    /project/vendor/fakerphp/faker/src/Faker/Provider/es_VE/Person.php:131-138

  - /project/vendor/fakerphp/faker/src/Faker/Provider/en_US/Address.php:8-14 (6 lines)
    /project/vendor/fakerphp/faker/src/Faker/Provider/en_ZA/Address.php:8-14

  - /project/vendor/voku/portable-ascii/src/voku/helper/data/x030.php:1-6 (5 lines)
    /project/vendor/voku/portable-ascii/src/voku/helper/data/x030.php:5-10

0.96% duplicated lines out of 653251 total lines of code.
Average size of duplication is 51 lines, largest clone has 535 of lines

Time: 00:06.496, Memory: 390.00 MB
