phplint 2.0.2 by overtrue and contributors.

No config file loaded.

.....................................................................................................   102 / 5012 (2%)
......................................................................................................   204 / 5012 (4%)
......................................................................................................   306 / 5012 (6%)
......................................................................................................   408 / 5012 (8%)
......................................................................................................  510 / 5012 (10%)
......................................................................................................  612 / 5012 (12%)
......................................................................................................  714 / 5012 (14%)
......................................................................................................  816 / 5012 (16%)
......................................................................................................  918 / 5012 (18%)
...................................................................................................... 1020 / 5012 (20%)
...................................................................................................... 1122 / 5012 (22%)
...................................................................................................... 1224 / 5012 (24%)
...................................................................................................... 1326 / 5012 (26%)
...................................................................................................... 1428 / 5012 (28%)
...................................................................................................... 1530 / 5012 (30%)
...................................................................................................... 1632 / 5012 (32%)
...................................................................................................... 1734 / 5012 (34%)
...................................................................................................... 1836 / 5012 (36%)
...................................................................................................... 1938 / 5012 (38%)
...................................................................................................... 2040 / 5012 (40%)
...................................................................................................... 2142 / 5012 (42%)
...................................................................................................... 2244 / 5012 (44%)
...................................................................................................... 2346 / 5012 (46%)
...................................................................................................... 2448 / 5012 (48%)
...................................................................................................... 2550 / 5012 (50%)
...................................................................................................... 2652 / 5012 (52%)
...................................................................................................... 2754 / 5012 (54%)
............................................................E.EE...................................... 2856 / 5012 (56%)
...................................................................................................... 2958 / 5012 (59%)
...................................................................................................... 3060 / 5012 (61%)
...................................................................................................... 3162 / 5012 (63%)
...................................................................................................... 3264 / 5012 (65%)
...................................................................................................... 3366 / 5012 (67%)
...................................................................................................... 3468 / 5012 (69%)
...................................................................................................... 3570 / 5012 (71%)
...................................................................................................... 3672 / 5012 (73%)
...................................................................................................... 3774 / 5012 (75%)
...................................................................................................... 3876 / 5012 (77%)
...................................................................................................... 3978 / 5012 (79%)
...................................................................................................... 4080 / 5012 (81%)
...................................................................................................... 4182 / 5012 (83%)
...................................................................................................... 4284 / 5012 (85%)
...................................................................................................... 4386 / 5012 (87%)
...................................................................................................... 4488 / 5012 (89%)
...................................................................................................... 4590 / 5012 (91%)
...................................................................................................... 4692 / 5012 (93%)
...................................................................................................... 4794 / 5012 (95%)
...................................................................................................... 4896 / 5012 (97%)
...................................................................................................... 4998 / 5012 (99%)
...............

Time: 1 min	Memory: 42.0 MiB	Cache: No

FAILURES!
Files: 5012, Failures: 3

There was 3 errors:
1. /project/vendor/nikic/fast-route/test/HackTypechecker/fixtures/empty_options.php:3
    1| <?hh
    2| 
  > 3| namespace FastRoute\TestFixtures;
    4| 
    5| function empty_options_simple(): \FastRoute\Dispatcher {
    6|     return \FastRoute\simpleDispatcher($collector ==> {}, shape());
    7| }
 unexpected token "namespace" in line 3
2. /project/vendor/nikic/fast-route/test/HackTypechecker/fixtures/no_options.php:3
    1| <?hh
    2| 
  > 3| namespace FastRoute\TestFixtures;
    4| 
    5| function no_options_simple(): \FastRoute\Dispatcher {
    6|     return \FastRoute\simpleDispatcher($collector ==> {});
    7| }
 unexpected token "namespace" in line 3
3. /project/vendor/nikic/fast-route/test/HackTypechecker/fixtures/all_options.php:3
    1| <?hh
    2| 
  > 3| namespace FastRoute\TestFixtures;
    4| 
    5| function all_options_simple(): \FastRoute\Dispatcher {
    6|     return \FastRoute\simpleDispatcher(
    7|       $collector ==> {},
 unexpected token "namespace" in line 3
